[2019-11-20T16:04:31.170] [DEBUG] cheese - login => username:123,password:456456
[2019-11-20T16:04:31.172] [DEBUG] cheese - 123
[2019-11-20T16:04:31.185] [DEBUG] cheese - null
[2019-11-20T16:04:31.186] [DEBUG] cheese - null
[2019-11-20T16:04:42.538] [DEBUG] cheese - login => username:admin,password:456456
[2019-11-20T16:04:42.538] [DEBUG] cheese - admin
[2019-11-20T16:04:42.545] [DEBUG] cheese - null
[2019-11-20T16:04:42.545] [DEBUG] cheese - null
[2019-11-20T16:04:50.409] [DEBUG] cheese - login => username:admin,password:123456
[2019-11-20T16:04:50.409] [DEBUG] cheese - admin
[2019-11-20T16:04:50.412] [DEBUG] cheese - null
[2019-11-20T16:04:50.412] [DEBUG] cheese - null
[2019-11-20T16:17:16.847] [DEBUG] cheese - login => username:123,password:123456
[2019-11-20T16:17:16.848] [DEBUG] cheese - 123
[2019-11-20T16:17:16.852] [DEBUG] cheese - null
[2019-11-20T16:17:16.852] [DEBUG] cheese - null
[2019-11-20T16:18:06.720] [DEBUG] cheese - login => username:123,password:456456
[2019-11-20T16:18:06.720] [DEBUG] cheese - 123
[2019-11-20T16:18:06.723] [DEBUG] cheese - null
[2019-11-20T16:18:06.723] [DEBUG] cheese - null
[2019-11-20T16:19:29.608] [DEBUG] cheese - login => username:123,password:456456
[2019-11-20T16:19:29.609] [DEBUG] cheese - 123
[2019-11-20T16:19:29.613] [DEBUG] cheese - null
[2019-11-20T16:19:29.613] [DEBUG] cheese - null
[2019-11-20T16:19:39.940] [DEBUG] cheese - login => username:admin,password:123456
[2019-11-20T16:19:39.940] [DEBUG] cheese - admin
[2019-11-20T16:19:39.943] [DEBUG] cheese - null
[2019-11-20T16:19:39.943] [DEBUG] cheese - null
[2019-11-20T16:24:26.160] [DEBUG] cheese - login => username:admin,password:123456
[2019-11-20T16:24:26.160] [DEBUG] cheese - admin
[2019-11-20T16:24:26.165] [DEBUG] cheese - null
[2019-11-20T16:24:26.166] [DEBUG] cheese - null
[2019-11-20T16:29:19.566] [DEBUG] cheese - login => username:admin,password:123456
[2019-11-20T16:29:19.567] [DEBUG] cheese - admin
[2019-11-20T16:29:19.573] [DEBUG] cheese - null
[2019-11-20T16:29:19.573] [DEBUG] cheese - null
[2019-11-20T16:29:24.655] [DEBUG] cheese - login => username:admin,password:123456
[2019-11-20T16:29:24.655] [DEBUG] cheese - admin
[2019-11-20T16:29:24.660] [DEBUG] cheese - null
[2019-11-20T16:29:24.660] [DEBUG] cheese - null
[2019-11-20T16:31:04.934] [DEBUG] cheese - login => username:admin,password:123456
[2019-11-20T16:31:04.934] [DEBUG] cheese - admin
[2019-11-20T16:31:04.941] [DEBUG] cheese - null
[2019-11-20T16:31:04.941] [DEBUG] cheese - null
[2019-11-20T16:31:17.128] [DEBUG] cheese - login => username:admin,password:123456
[2019-11-20T16:31:17.128] [DEBUG] cheese - admin
[2019-11-20T16:31:17.132] [DEBUG] cheese - null
[2019-11-20T16:31:17.133] [DEBUG] cheese - null
[2019-11-20T16:35:36.297] [DEBUG] cheese - login => username:admin,password:123456
[2019-11-20T16:35:36.297] [DEBUG] cheese - admin
[2019-11-20T16:35:36.299] [DEBUG] cheese - null
[2019-11-20T16:35:36.299] [DEBUG] cheese - null
[2019-11-20T16:35:38.888] [DEBUG] cheese - login => username:admin,password:123456
[2019-11-20T16:35:38.888] [DEBUG] cheese - admin
[2019-11-20T16:35:38.890] [DEBUG] cheese - null
[2019-11-20T16:35:38.890] [DEBUG] cheese - null
[2019-11-20T16:35:39.560] [DEBUG] cheese - login => username:admin,password:123456
[2019-11-20T16:35:39.560] [DEBUG] cheese - admin
[2019-11-20T16:35:39.562] [DEBUG] cheese - null
[2019-11-20T16:35:39.562] [DEBUG] cheese - null
[2019-11-20T16:35:40.085] [DEBUG] cheese - login => username:admin,password:123456
[2019-11-20T16:35:40.085] [DEBUG] cheese - admin
[2019-11-20T16:35:40.087] [DEBUG] cheese - null
[2019-11-20T16:35:40.088] [DEBUG] cheese - null
[2019-11-20T16:36:47.314] [DEBUG] cheese - login => username:admin,password:123456
[2019-11-20T16:36:47.314] [DEBUG] cheese - admin
[2019-11-20T16:36:47.317] [DEBUG] cheese - null
[2019-11-20T16:36:47.317] [DEBUG] cheese - null
[2019-11-20T16:37:12.592] [DEBUG] cheese - login => username:admin,password:123456
[2019-11-20T16:37:12.592] [DEBUG] cheese - admin
[2019-11-20T16:37:12.594] [DEBUG] cheese - null
[2019-11-20T16:37:12.594] [DEBUG] cheese - null
[2019-11-20T16:37:49.666] [DEBUG] cheese - login => username:admin,password:123456
[2019-11-20T16:37:49.666] [DEBUG] cheese - admin
[2019-11-20T16:37:49.670] [DEBUG] cheese - null
[2019-11-20T16:37:49.670] [DEBUG] cheese - null
[2019-11-20T16:55:05.238] [DEBUG] cheese - login => username:admin,password:123456
[2019-11-20T16:55:05.238] [DEBUG] cheese - admin
[2019-11-20T16:55:05.244] [DEBUG] cheese - null
[2019-11-20T16:55:05.244] [DEBUG] cheese - null
[2019-11-20T16:55:11.477] [DEBUG] cheese - login => username:admin1,password:123456
[2019-11-20T16:55:11.477] [DEBUG] cheese - admin1
[2019-11-20T16:55:11.479] [DEBUG] cheese - null
[2019-11-20T16:55:11.479] [DEBUG] cheese - null
[2019-11-20T17:18:06.964] [DEBUG] cheese - login => username:admin,password:123456
[2019-11-20T17:18:06.965] [DEBUG] cheese - admin
[2019-11-20T17:18:06.967] [DEBUG] cheese - null
[2019-11-20T17:18:06.967] [DEBUG] cheese - null
[2019-11-20T17:18:16.665] [DEBUG] cheese - login => username:admind,password:1234562
[2019-11-20T17:18:16.665] [DEBUG] cheese - admind
[2019-11-20T17:18:16.667] [DEBUG] cheese - null
[2019-11-20T17:18:16.667] [DEBUG] cheese - null
[2019-11-20T17:18:20.252] [DEBUG] cheese - login => username:admind,password:1234562
[2019-11-20T17:18:20.252] [DEBUG] cheese - admind
[2019-11-20T17:18:20.256] [DEBUG] cheese - null
[2019-11-20T17:18:20.257] [DEBUG] cheese - null
[2019-11-20T17:18:40.384] [DEBUG] cheese - login => username:admin,password:123456
[2019-11-20T17:18:40.384] [DEBUG] cheese - admin
[2019-11-20T17:18:40.388] [DEBUG] cheese - null
[2019-11-20T17:18:40.388] [DEBUG] cheese - null
[2019-11-20T17:20:15.232] [DEBUG] cheese - login => username:admin,password:123456
[2019-11-20T17:20:15.233] [DEBUG] cheese - admin
[2019-11-20T17:20:15.236] [DEBUG] cheese - null
[2019-11-20T17:20:15.236] [DEBUG] cheese - null
[2019-11-20T17:20:20.594] [DEBUG] cheese - login => username:admin,password:123456
[2019-11-20T17:20:20.594] [DEBUG] cheese - admin
[2019-11-20T17:20:20.598] [DEBUG] cheese - null
[2019-11-20T17:20:20.598] [DEBUG] cheese - null
[2019-11-20T17:20:23.054] [DEBUG] cheese - login => username:admin,password:123456
[2019-11-20T17:20:23.054] [DEBUG] cheese - admin
[2019-11-20T17:20:23.058] [DEBUG] cheese - null
[2019-11-20T17:20:23.058] [DEBUG] cheese - null
[2019-11-20T17:28:55.123] [DEBUG] cheese - login => username:admin,password:123456
[2019-11-20T17:28:55.123] [DEBUG] cheese - admin
[2019-11-20T17:28:55.127] [DEBUG] cheese - null
[2019-11-20T17:28:55.127] [DEBUG] cheese - null
[2019-11-20T17:30:06.503] [DEBUG] cheese - login => username:admin,password:123456
[2019-11-20T17:30:06.504] [DEBUG] cheese - admin
[2019-11-20T17:30:06.511] [DEBUG] cheese - null
[2019-11-20T17:30:06.512] [DEBUG] cheese - null
[2019-11-20T17:32:02.394] [DEBUG] cheese - login => username:admin,password:123456
[2019-11-20T17:32:02.394] [DEBUG] cheese - admin
[2019-11-20T17:32:02.398] [DEBUG] cheese - null
[2019-11-20T17:32:02.398] [DEBUG] cheese - null
[2019-11-21T08:56:15.411] [DEBUG] cheese - login => username:admin,password:123456
[2019-11-21T08:56:15.412] [DEBUG] cheese - admin
[2019-11-21T08:56:15.714] [DEBUG] cheese - null
[2019-11-21T08:56:15.716] [DEBUG] cheese - null
[2019-11-21T08:56:22.343] [DEBUG] cheese - login => username:admin,password:123456
[2019-11-21T08:56:22.343] [DEBUG] cheese - admin
[2019-11-21T08:56:22.347] [DEBUG] cheese - null
[2019-11-21T08:56:22.347] [DEBUG] cheese - null
[2019-11-21T09:17:19.694] [DEBUG] cheese - login => username:admin,password:123456
[2019-11-21T09:17:19.694] [DEBUG] cheese - admin
[2019-11-21T09:17:19.698] [DEBUG] cheese - null
[2019-11-21T09:17:19.698] [DEBUG] cheese - null
[2019-11-21T09:17:24.252] [DEBUG] cheese - login => username:admin,password:123456
[2019-11-21T09:17:24.252] [DEBUG] cheese - admin
[2019-11-21T09:17:24.254] [DEBUG] cheese - null
[2019-11-21T09:17:24.254] [DEBUG] cheese - null
[2019-11-21T09:17:28.688] [DEBUG] cheese - login => username:admin,password:123456
[2019-11-21T09:17:28.688] [DEBUG] cheese - admin
[2019-11-21T09:17:28.693] [DEBUG] cheese - null
[2019-11-21T09:17:28.693] [DEBUG] cheese - null
[2019-11-21T09:17:35.344] [DEBUG] cheese - login => username:admin,password:123456
[2019-11-21T09:17:35.345] [DEBUG] cheese - admin
[2019-11-21T09:17:35.347] [DEBUG] cheese - null
[2019-11-21T09:17:35.347] [DEBUG] cheese - null
[2019-11-21T10:26:52.399] [DEBUG] cheese - login => username:admin,password:123456
[2019-11-21T10:26:52.399] [DEBUG] cheese - admin
[2019-11-21T10:26:52.404] [DEBUG] cheese - null
[2019-11-21T10:26:52.404] [DEBUG] cheese - null
[2019-11-21T10:30:08.447] [DEBUG] cheese - login => username:admin,password:123456
[2019-11-21T10:30:08.447] [DEBUG] cheese - admin
[2019-11-21T10:30:08.452] [DEBUG] cheese - null
[2019-11-21T10:30:08.452] [DEBUG] cheese - null
[2019-11-21T10:30:16.290] [DEBUG] cheese - login => username:admin,password:123456
[2019-11-21T10:30:16.290] [DEBUG] cheese - admin
[2019-11-21T10:30:16.293] [DEBUG] cheese - null
[2019-11-21T10:30:16.293] [DEBUG] cheese - null
[2019-11-21T10:42:45.578] [DEBUG] cheese - login => username:admin,password:123456
[2019-11-21T10:42:45.578] [DEBUG] cheese - admin
[2019-11-21T10:42:45.583] [DEBUG] cheese - null
[2019-11-21T10:42:45.583] [DEBUG] cheese - null
[2019-11-21T10:43:37.500] [DEBUG] cheese - login => username:admin,password:123456
[2019-11-21T10:43:37.500] [DEBUG] cheese - admin
[2019-11-21T10:43:37.502] [DEBUG] cheese - null
[2019-11-21T10:43:37.503] [DEBUG] cheese - null
[2019-11-21T11:11:53.610] [DEBUG] cheese - login => username:admin,password:123456
[2019-11-21T11:11:53.610] [DEBUG] cheese - admin
[2019-11-21T11:11:53.613] [DEBUG] cheese - null
[2019-11-21T11:11:53.613] [DEBUG] cheese - null
[2019-11-21T18:31:50.663] [DEBUG] cheese - login => username:admin,password:123456
[2019-11-21T18:31:50.665] [DEBUG] cheese - admin
[2019-11-21T18:31:51.076] [DEBUG] cheese - null
[2019-11-21T18:31:51.077] [DEBUG] cheese - null
[2019-11-21T18:32:06.765] [DEBUG] cheese - login => username:admin,password:123456
[2019-11-21T18:32:06.765] [DEBUG] cheese - admin
[2019-11-21T18:32:06.768] [DEBUG] cheese - null
[2019-11-21T18:32:06.768] [DEBUG] cheese - null
[2019-11-21T18:57:35.011] [DEBUG] cheese - login => username:admin1,password:123456
[2019-11-21T18:57:35.011] [DEBUG] cheese - admin1
[2019-11-21T18:57:35.014] [DEBUG] cheese - null
[2019-11-21T18:57:35.014] [DEBUG] cheese - null
[2019-11-21T18:57:37.783] [DEBUG] cheese - login => username:admin,password:123456
[2019-11-21T18:57:37.783] [DEBUG] cheese - admin
[2019-11-21T18:57:37.786] [DEBUG] cheese - null
[2019-11-21T18:57:37.786] [DEBUG] cheese - null
[2019-11-21T19:00:32.440] [DEBUG] cheese - login => username:admin,password:123456
[2019-11-21T19:00:32.440] [DEBUG] cheese - admin
[2019-11-21T19:00:32.443] [DEBUG] cheese - null
[2019-11-21T19:00:32.443] [DEBUG] cheese - null
[2019-11-21T19:34:01.686] [DEBUG] cheese - login => username:admin,password:123456
[2019-11-21T19:34:01.686] [DEBUG] cheese - admin
[2019-11-21T19:34:01.688] [DEBUG] cheese - null
[2019-11-21T19:34:01.688] [DEBUG] cheese - null
[2019-11-21T19:38:16.522] [DEBUG] cheese - login => username:admin,password:123456
[2019-11-21T19:38:16.522] [DEBUG] cheese - admin
[2019-11-21T19:38:16.524] [DEBUG] cheese - null
[2019-11-21T19:38:16.524] [DEBUG] cheese - null
[2019-11-22T08:46:42.251] [DEBUG] cheese - login => username:admin,password:123456
[2019-11-22T08:46:42.252] [DEBUG] cheese - admin
[2019-11-22T08:46:42.595] [DEBUG] cheese - null
[2019-11-22T08:46:42.596] [DEBUG] cheese - null
[2019-11-22T08:47:54.148] [DEBUG] cheese - login => username:admin,password:123456
[2019-11-22T08:47:54.148] [DEBUG] cheese - admin
[2019-11-22T08:47:54.158] [DEBUG] cheese - null
[2019-11-22T08:47:54.158] [DEBUG] cheese - null
[2019-11-22T08:48:08.479] [DEBUG] cheese - login => username:admin,password:123456
[2019-11-22T08:48:08.479] [DEBUG] cheese - admin
[2019-11-22T08:48:08.482] [DEBUG] cheese - null
[2019-11-22T08:48:08.482] [DEBUG] cheese - null
[2019-11-22T08:58:50.885] [DEBUG] cheese - login => username:admin,password:123456
[2019-11-22T08:58:50.885] [DEBUG] cheese - admin
[2019-11-22T08:58:50.887] [DEBUG] cheese - null
[2019-11-22T08:58:50.888] [DEBUG] cheese - null
[2019-11-22T12:37:21.750] [DEBUG] cheese - login => username:admin,password:123456
[2019-11-22T12:37:21.752] [DEBUG] cheese - admin
[2019-11-22T12:37:21.769] [DEBUG] cheese - null
[2019-11-22T12:37:21.769] [DEBUG] cheese - null
[2019-11-22T16:46:32.141] [DEBUG] cheese - login => username:admin,password:123456
[2019-11-22T16:46:32.141] [DEBUG] cheese - admin
[2019-11-22T16:46:32.147] [DEBUG] cheese - null
[2019-11-22T16:46:32.147] [DEBUG] cheese - null
[2019-11-24T09:01:29.096] [DEBUG] cheese - login => username:admin,password:123456
[2019-11-24T09:01:29.099] [DEBUG] cheese - admin
[2019-11-24T09:01:29.378] [DEBUG] cheese - null
[2019-11-24T09:01:29.379] [DEBUG] cheese - null
[2019-11-24T12:34:53.576] [DEBUG] cheese - login => username:admin,password:123456
[2019-11-24T12:34:53.578] [DEBUG] cheese - admin
[2019-11-24T12:34:53.887] [DEBUG] cheese - null
[2019-11-24T12:34:53.888] [DEBUG] cheese - null
[2019-11-24T13:32:21.409] [DEBUG] cheese - login => username:admin,password:123456
[2019-11-24T13:32:21.411] [DEBUG] cheese - admin
[2019-11-24T13:32:21.428] [DEBUG] cheese - null
[2019-11-24T13:32:21.429] [DEBUG] cheese - null
[2019-11-24T13:32:40.232] [DEBUG] cheese - login => username:admin,password:123456
[2019-11-24T13:32:40.232] [DEBUG] cheese - admin
[2019-11-24T13:32:40.235] [DEBUG] cheese - null
[2019-11-24T13:32:40.236] [DEBUG] cheese - null
[2019-11-25T08:30:07.481] [DEBUG] cheese - login => username:admin,password:123456
[2019-11-25T08:30:07.483] [DEBUG] cheese - admin
[2019-11-25T08:30:07.800] [DEBUG] cheese - null
[2019-11-25T08:30:07.801] [DEBUG] cheese - null
[2019-11-25T11:04:00.376] [DEBUG] cheese - null
[2019-11-25T17:26:51.509] [DEBUG] cheese - login => username:admin,password:123456
[2019-11-25T17:26:51.510] [DEBUG] cheese - admin
[2019-11-25T17:26:51.530] [DEBUG] cheese - null
[2019-11-25T17:26:51.530] [DEBUG] cheese - null
[2019-11-25T21:12:17.487] [DEBUG] cheese - login => username:admin,password:123456
[2019-11-25T21:12:17.488] [DEBUG] cheese - admin
[2019-11-25T21:12:17.506] [DEBUG] cheese - null
[2019-11-25T21:12:17.507] [DEBUG] cheese - null
[2019-11-26T21:09:23.611] [DEBUG] cheese - login => username:admin,password:12345678
[2019-11-26T21:09:23.615] [DEBUG] cheese - admin
[2019-11-26T21:09:23.657] [DEBUG] cheese - null
[2019-11-26T21:09:23.658] [DEBUG] cheese - null
[2019-11-26T21:09:32.948] [DEBUG] cheese - login => username:admin,password:123456
[2019-11-26T21:09:32.948] [DEBUG] cheese - admin
[2019-11-26T21:09:32.956] [DEBUG] cheese - null
[2019-11-26T21:09:32.956] [DEBUG] cheese - null
[2019-11-26T21:11:06.473] [DEBUG] cheese - login => username:admin,password:123456
[2019-11-26T21:11:06.473] [DEBUG] cheese - admin
[2019-11-26T21:11:06.475] [DEBUG] cheese - null
[2019-11-26T21:11:06.476] [DEBUG] cheese - null
[2019-11-26T21:11:59.457] [DEBUG] cheese - login => username:admin,password:123456
[2019-11-26T21:11:59.458] [DEBUG] cheese - admin
[2019-11-26T21:11:59.461] [DEBUG] cheese - null
[2019-11-26T21:11:59.461] [DEBUG] cheese - null
[2019-11-26T21:12:03.284] [DEBUG] cheese - login => username:admin,password:123456
[2019-11-26T21:12:03.284] [DEBUG] cheese - admin
[2019-11-26T21:12:03.287] [DEBUG] cheese - null
[2019-11-26T21:12:03.287] [DEBUG] cheese - null
[2019-11-26T21:12:04.323] [DEBUG] cheese - login => username:admin,password:123456
[2019-11-26T21:12:04.323] [DEBUG] cheese - admin
[2019-11-26T21:12:04.327] [DEBUG] cheese - null
[2019-11-26T21:12:04.327] [DEBUG] cheese - null
[2019-11-26T21:12:04.536] [DEBUG] cheese - login => username:admin,password:123456
[2019-11-26T21:12:04.536] [DEBUG] cheese - admin
[2019-11-26T21:12:04.539] [DEBUG] cheese - null
[2019-11-26T21:12:04.539] [DEBUG] cheese - null
[2019-11-26T21:12:04.739] [DEBUG] cheese - login => username:admin,password:123456
[2019-11-26T21:12:04.739] [DEBUG] cheese - admin
[2019-11-26T21:12:04.742] [DEBUG] cheese - null
[2019-11-26T21:12:04.742] [DEBUG] cheese - null
[2019-11-26T21:12:59.087] [DEBUG] cheese - login => username:admin,password:123456
[2019-11-26T21:12:59.087] [DEBUG] cheese - admin
[2019-11-26T21:12:59.091] [DEBUG] cheese - null
[2019-11-26T21:12:59.092] [DEBUG] cheese - null
[2019-11-26T21:13:02.443] [DEBUG] cheese - login => username:admin,password:123456
[2019-11-26T21:13:02.443] [DEBUG] cheese - admin
[2019-11-26T21:13:02.446] [DEBUG] cheese - null
[2019-11-26T21:13:02.446] [DEBUG] cheese - null
[2019-11-26T21:13:05.534] [DEBUG] cheese - login => username:admin,password:123456
[2019-11-26T21:13:05.534] [DEBUG] cheese - admin
[2019-11-26T21:13:05.538] [DEBUG] cheese - null
[2019-11-26T21:13:05.538] [DEBUG] cheese - null
[2019-11-26T21:14:06.408] [DEBUG] cheese - login => username:admin,password:123456
[2019-11-26T21:14:06.408] [DEBUG] cheese - admin
[2019-11-26T21:14:06.411] [DEBUG] cheese - null
[2019-11-26T21:14:06.411] [DEBUG] cheese - null
[2019-11-26T21:15:15.696] [DEBUG] cheese - login => username:admin,password:123456
[2019-11-26T21:15:15.696] [DEBUG] cheese - admin
[2019-11-26T21:15:15.701] [DEBUG] cheese - null
[2019-11-26T21:15:15.701] [DEBUG] cheese - null
[2019-11-26T21:21:05.536] [DEBUG] cheese - login => username:admin,password:123456
[2019-11-26T21:21:05.536] [DEBUG] cheese - admin
[2019-11-26T21:21:05.540] [DEBUG] cheese - null
[2019-11-26T21:21:05.540] [DEBUG] cheese - null
[2019-11-26T21:23:20.117] [DEBUG] cheese - login => username:admin,password:123456
[2019-11-26T21:23:20.117] [DEBUG] cheese - admin
[2019-11-26T21:23:20.121] [DEBUG] cheese - null
[2019-11-26T21:23:20.121] [DEBUG] cheese - null
[2019-11-26T21:30:08.563] [DEBUG] cheese - login => username:admin,password:123456
[2019-11-26T21:30:08.563] [DEBUG] cheese - admin
[2019-11-26T21:30:08.568] [DEBUG] cheese - null
[2019-11-26T21:30:08.568] [DEBUG] cheese - null
[2019-11-26T21:30:21.475] [DEBUG] cheese - login => username:admin,password:123456
[2019-11-26T21:30:21.475] [DEBUG] cheese - admin
[2019-11-26T21:30:21.479] [DEBUG] cheese - null
[2019-11-26T21:30:21.479] [DEBUG] cheese - null
[2019-11-26T21:30:22.826] [DEBUG] cheese - login => username:admin,password:123456
[2019-11-26T21:30:22.826] [DEBUG] cheese - admin
[2019-11-26T21:30:22.829] [DEBUG] cheese - null
[2019-11-26T21:30:22.829] [DEBUG] cheese - null
[2019-11-27T15:41:51.109] [DEBUG] cheese - login => username:admin,password:123456
[2019-11-27T15:41:51.113] [DEBUG] cheese - admin
[2019-11-27T15:41:51.141] [DEBUG] cheese - null
[2019-11-27T15:41:51.142] [DEBUG] cheese - null
[2019-11-27T15:42:36.588] [DEBUG] cheese - login => username:admin,password:12345678
[2019-11-27T15:42:36.588] [DEBUG] cheese - admin
[2019-11-27T15:42:36.594] [DEBUG] cheese - null
[2019-11-27T15:42:36.594] [DEBUG] cheese - null
[2019-11-27T15:42:40.989] [DEBUG] cheese - login => username:admin,password:123456
[2019-11-27T15:42:40.989] [DEBUG] cheese - admin
[2019-11-27T15:42:40.993] [DEBUG] cheese - null
[2019-11-27T15:42:40.993] [DEBUG] cheese - null
[2019-11-27T15:46:22.941] [DEBUG] cheese - login => username:admin,password:123456
[2019-11-27T15:46:22.941] [DEBUG] cheese - admin
[2019-11-27T15:46:22.944] [DEBUG] cheese - null
[2019-11-27T15:46:22.944] [DEBUG] cheese - null
[2019-11-27T15:59:49.082] [DEBUG] cheese - login => username:admin,password:123456
[2019-11-27T15:59:49.082] [DEBUG] cheese - admin
[2019-11-27T15:59:49.086] [DEBUG] cheese - null
[2019-11-27T15:59:49.087] [DEBUG] cheese - null
[2019-11-27T16:03:57.162] [DEBUG] cheese - login => username:admin,password:123456
[2019-11-27T16:03:57.162] [DEBUG] cheese - admin
[2019-11-27T16:03:57.166] [DEBUG] cheese - null
[2019-11-27T16:03:57.166] [DEBUG] cheese - null
[2019-11-27T16:41:06.951] [DEBUG] cheese - login => username:admin,password:123456
[2019-11-27T16:41:06.951] [DEBUG] cheese - admin
[2019-11-27T16:41:06.958] [DEBUG] cheese - null
[2019-11-27T16:41:06.959] [DEBUG] cheese - null
[2019-11-27T16:41:53.629] [DEBUG] cheese - login => username:admin,password:123456
[2019-11-27T16:41:53.629] [DEBUG] cheese - admin
[2019-11-27T16:41:53.633] [DEBUG] cheese - null
[2019-11-27T16:41:53.633] [DEBUG] cheese - null
[2019-11-27T16:42:51.513] [DEBUG] cheese - login => username:admin,password:123456
[2019-11-27T16:42:51.513] [DEBUG] cheese - admin
[2019-11-27T16:42:51.519] [DEBUG] cheese - null
[2019-11-27T16:42:51.519] [DEBUG] cheese - null
[2019-11-27T17:04:53.681] [DEBUG] cheese - login => username:admin,password:123456
[2019-11-27T17:04:53.681] [DEBUG] cheese - admin
[2019-11-27T17:04:53.685] [DEBUG] cheese - null
[2019-11-27T17:04:53.685] [DEBUG] cheese - null
[2019-11-27T17:43:15.486] [DEBUG] cheese - login => username:admin,password:123456
[2019-11-27T17:43:15.487] [DEBUG] cheese - admin
[2019-11-27T17:43:15.491] [DEBUG] cheese - null
[2019-11-27T17:43:15.491] [DEBUG] cheese - null
[2019-11-27T17:45:28.388] [DEBUG] cheese - login => username:admin,password:123456
[2019-11-27T17:45:28.388] [DEBUG] cheese - admin
[2019-11-27T17:45:28.392] [DEBUG] cheese - null
[2019-11-27T17:45:28.392] [DEBUG] cheese - null
[2019-11-27T20:31:37.900] [DEBUG] cheese - login => username:admin,password:123456
[2019-11-27T20:31:37.902] [DEBUG] cheese - admin
[2019-11-27T20:31:37.916] [DEBUG] cheese - null
[2019-11-27T20:31:37.916] [DEBUG] cheese - null
[2019-11-27T21:13:21.586] [DEBUG] cheese - login => username:admin,password:123456
[2019-11-27T21:13:21.589] [DEBUG] cheese - admin
[2019-11-27T21:13:21.601] [DEBUG] cheese - null
[2019-11-27T21:13:21.602] [DEBUG] cheese - null
[2019-11-28T15:58:26.076] [DEBUG] cheese - login => username:admin,password:123456
[2019-11-28T15:58:26.078] [DEBUG] cheese - admin
[2019-11-28T15:58:26.114] [DEBUG] cheese - null
[2019-11-28T15:58:26.115] [DEBUG] cheese - null
[2019-11-29T16:01:36.357] [DEBUG] cheese - login => username:admin,password:123456
[2019-11-29T16:01:36.359] [DEBUG] cheese - admin
[2019-11-29T16:01:36.396] [DEBUG] cheese - null
[2019-11-29T16:01:36.397] [DEBUG] cheese - null
[2019-12-02T09:59:57.466] [DEBUG] cheese - login => username:admin,password:123456
[2019-12-02T09:59:57.468] [DEBUG] cheese - admin
[2019-12-02T09:59:57.509] [DEBUG] cheese - null
[2019-12-02T09:59:57.509] [DEBUG] cheese - null
